{
  "install-success": false,
  "error": {
    "stage": "install",
    "command": "npm install --production",
    "retcode": 127,
    "stdout": "\n> terser@5.9.0 prepare\n> npm run build\n\n\n> terser@5.9.0 build\n> rimraf dist/bundle* && rollup --config --silent\n\n",
    "stderr": "sh: rimraf: command not found\nnpm ERR! code 127\nnpm ERR! path /Users/donaldpinckney/Research/packages/dependency-runner/Experiments/Output/nontesting/work/terser/npm/package\nnpm ERR! command failed\nnpm ERR! command sh -c npm run build\n\nnpm ERR! A complete log of this run can be found in:\nnpm ERR!     /Users/donaldpinckney/.npm/_logs/2021-10-12T18_57_32_368Z-debug.log\n"
  }
}