{
  "install-success": false,
  "error": {
    "stage": "install",
    "command": "npm install --rosette",
    "retcode": 1,
    "stdout": "0 / 1\nSending query to rosette: /var/folders/9x/h9vpkyxj3pg0chrllkhfpkzm0000gn/T/tmp-74540-ChzWPuK0eMA7\nGot: /var/folders/9x/h9vpkyxj3pg0chrllkhfpkzm0000gn/T/tmp-74540-8cg0pFrnm6d3\nDecoding Rosette answer: [object Object]\n\n> punycode@2.1.1 prepublish\n> node scripts/prepublish.js\n\n",
    "stderr": "npm WARN deprecated har-validator@5.1.5: this library is no longer supported\nnpm WARN deprecated to-iso-string@0.0.2: to-iso-string has been deprecated, use @segment/to-iso-string instead.\nnpm WARN deprecated graceful-fs@1.2.3: please upgrade to graceful-fs 4 for compatibility with current and future versions of Node.js\nnpm WARN deprecated minimatch@0.3.0: Please update to minimatch 3.0.2 or higher to avoid a RegExp DoS issue\nnpm WARN deprecated mkdirp@0.3.0: Legacy versions of mkdirp are no longer supported. Please update to mkdirp 1.x. (Note that the API surface has changed to use Promises in 1.x.)\nnpm WARN deprecated uuid@3.4.0: Please upgrade  to version 7 or higher.  Older versions may use Math.random() in certain circumstances, which is known to be problematic.  See https://v8.dev/blog/math-random for details.\nnpm WARN deprecated mkdirp@0.5.1: Legacy versions of mkdirp are no longer supported. Please update to mkdirp 1.x. (Note that the API surface has changed to use Promises in 1.x.)\nnpm WARN deprecated request@2.88.2: request has been deprecated, see https://github.com/request/request/issues/3142\nnpm WARN deprecated jade@0.26.3: Jade has been renamed to pug, please install the latest version of pug instead of jade\nnpm WARN deprecated istanbul@0.4.5: This module is no longer maintained, try this instead:\nnpm WARN deprecated   npm i nyc\nnpm WARN deprecated Visit https://istanbul.js.org/integrations for other alternatives.\nnode:internal/modules/cjs/loader:922\n  throw err;\n  ^\n\nError: Cannot find module '/Users/donaldpinckney/Research/packages/dependency-runner/Experiments/Output/nontesting/work/punycode/rosette/package/scripts/prepublish.js'\n    at Function.Module._resolveFilename (node:internal/modules/cjs/loader:919:15)\n    at Function.Module._load (node:internal/modules/cjs/loader:763:27)\n    at Function.executeUserEntryPoint [as runMain] (node:internal/modules/run_main:76:12)\n    at node:internal/main/run_main_module:17:47 {\n  code: 'MODULE_NOT_FOUND',\n  requireStack: []\n}\nnpm ERR! code 1\nnpm ERR! path /Users/donaldpinckney/Research/packages/dependency-runner/Experiments/Output/nontesting/work/punycode/rosette/package\nnpm ERR! command failed\nnpm ERR! command sh -c node scripts/prepublish.js\n\nnpm ERR! A complete log of this run can be found in:\nnpm ERR!     /Users/donaldpinckney/.npm/_logs/2021-10-12T17_08_55_226Z-debug.log\n"
  }
}