{
  "install-success": false,
  "error": {
    "stage": "install",
    "command": "npm install --rosette",
    "retcode": 1,
    "stdout": "0 / 1\nSending query to rosette: /var/folders/9x/h9vpkyxj3pg0chrllkhfpkzm0000gn/T/tmp-77660-MtGxVdTCmHFX\nGot: /var/folders/9x/h9vpkyxj3pg0chrllkhfpkzm0000gn/T/tmp-77660-1qG6Jq5HeP4D\nDecoding Rosette answer: [object Object]\n\n> glob@7.1.7 prepublish\n> npm run benchclean\n\n\n> glob@7.1.7 benchclean\n> node benchclean.js\n\n",
    "stderr": "npm WARN deprecated har-validator@5.1.5: this library is no longer supported\nnpm WARN deprecated uuid@3.4.0: Please upgrade  to version 7 or higher.  Older versions may use Math.random() in certain circumstances, which is known to be problematic.  See https://v8.dev/blog/math-random for details.\nnpm WARN deprecated request@2.88.2: request has been deprecated, see https://github.com/request/request/issues/3142\nnode:internal/modules/cjs/loader:922\n  throw err;\n  ^\n\nError: Cannot find module '/Users/donaldpinckney/Research/packages/dependency-runner/Experiments/Output/nontesting/work/glob/rosette/package/benchclean.js'\n    at Function.Module._resolveFilename (node:internal/modules/cjs/loader:919:15)\n    at Function.Module._load (node:internal/modules/cjs/loader:763:27)\n    at Function.executeUserEntryPoint [as runMain] (node:internal/modules/run_main:76:12)\n    at node:internal/main/run_main_module:17:47 {\n  code: 'MODULE_NOT_FOUND',\n  requireStack: []\n}\nnpm ERR! code 1\nnpm ERR! path /Users/donaldpinckney/Research/packages/dependency-runner/Experiments/Output/nontesting/work/glob/rosette/package\nnpm ERR! command failed\nnpm ERR! command sh -c npm run benchclean\n\nnpm ERR! A complete log of this run can be found in:\nnpm ERR!     /Users/donaldpinckney/.npm/_logs/2021-10-12T17_20_54_186Z-debug.log\n"
  }
}