{
  "install-success": false,
  "error": {
    "stage": "install",
    "command": "npm install --rosette",
    "retcode": 1,
    "stdout": "0 / 1\nSending query to rosette: /var/folders/9x/h9vpkyxj3pg0chrllkhfpkzm0000gn/T/tmp-32307-30v5JktrBm3S\nGot: /var/folders/9x/h9vpkyxj3pg0chrllkhfpkzm0000gn/T/tmp-32307-jP0YHwD1ee6j\nDecoding Rosette answer: [object Object]\n\n> object.assign@4.1.2 prepublish\n> safe-publish-latest && npm run build\n\n\n> object.assign@4.1.2 build\n> mkdir -p dist && browserify browserShim.js > dist/browser.js\n\n",
    "stderr": "npm WARN deprecated @agoric/make-hardener@0.1.3: The `ses` package provides `harden` after `lockdown`. Do not use `@agoric/make-hardener` directly.\nnpm WARN deprecated querystring@0.2.0: The querystring API is considered Legacy. new code should use the URLSearchParams API instead.\nError: Can't walk dependency graph: Cannot find module '/Users/donaldpinckney/Research/packages/dependency-runner/Experiments/Output/nontesting/work/object.assign/rosette/package/browserShim.js' from '/Users/donaldpinckney/Research/packages/dependency-runner/Experiments/Output/nontesting/work/object.assign/rosette/package/_fake.js'\n    required by /Users/donaldpinckney/Research/packages/dependency-runner/Experiments/Output/nontesting/work/object.assign/rosette/package/_fake.js\n    at /Users/donaldpinckney/Research/packages/dependency-runner/Experiments/Output/nontesting/work/object.assign/rosette/package/node_modules/resolve/lib/async.js:158:35\n    at load (/Users/donaldpinckney/Research/packages/dependency-runner/Experiments/Output/nontesting/work/object.assign/rosette/package/node_modules/resolve/lib/async.js:177:43)\n    at onex (/Users/donaldpinckney/Research/packages/dependency-runner/Experiments/Output/nontesting/work/object.assign/rosette/package/node_modules/resolve/lib/async.js:202:17)\n    at /Users/donaldpinckney/Research/packages/dependency-runner/Experiments/Output/nontesting/work/object.assign/rosette/package/node_modules/resolve/lib/async.js:15:69\n    at FSReqCallback.oncomplete (node:fs:191:21)\nnpm ERR! code 1\nnpm ERR! path /Users/donaldpinckney/Research/packages/dependency-runner/Experiments/Output/nontesting/work/object.assign/rosette/package\nnpm ERR! command failed\nnpm ERR! command sh -c safe-publish-latest && npm run build\n\nnpm ERR! A complete log of this run can be found in:\nnpm ERR!     /Users/donaldpinckney/.npm/_logs/2021-10-12T05_25_54_859Z-debug.log\n"
  }
}