{
  "install-success": false,
  "error": {
    "stage": "install",
    "command": "npm install --rosette",
    "retcode": 254,
    "stdout": "0 / 1\nSending query to rosette: /var/folders/9x/h9vpkyxj3pg0chrllkhfpkzm0000gn/T/tmp-23408-xKWwAZjk0ygt\nGot: /var/folders/9x/h9vpkyxj3pg0chrllkhfpkzm0000gn/T/tmp-23408-Snb9KEtq0Uy4\nDecoding Rosette answer: [object Object]\n\n> csstype@3.0.9 prepublish\n> npm install --prefix __tests__ && npm install --prefix __tests__/__fixtures__\n\n",
    "stderr": "npm WARN deprecated har-validator@5.1.5: this library is no longer supported\nnpm WARN deprecated uuid@3.4.0: Please upgrade  to version 7 or higher.  Older versions may use Math.random() in certain circumstances, which is known to be problematic.  See https://v8.dev/blog/math-random for details.\nnpm WARN deprecated request@2.88.2: request has been deprecated, see https://github.com/request/request/issues/3142\nnpm WARN deprecated @types/chokidar@2.1.3: This is a stub types definition. chokidar provides its own type definitions, so you do not need this installed.\nnpm ERR! code ENOENT\nnpm ERR! syscall lstat\nnpm ERR! path /Users/donaldpinckney/Research/packages/dependency-runner/Experiments/Output/nontesting/work/csstype/rosette/package/__tests__\nnpm ERR! errno -2\nnpm ERR! enoent ENOENT: no such file or directory, lstat '/Users/donaldpinckney/Research/packages/dependency-runner/Experiments/Output/nontesting/work/csstype/rosette/package/__tests__'\nnpm ERR! enoent This is related to npm not being able to find a file.\nnpm ERR! enoent \n\nnpm ERR! A complete log of this run can be found in:\nnpm ERR!     /Users/donaldpinckney/.npm/_logs/2021-10-12T21_34_29_648Z-debug.log\nnpm ERR! code 254\nnpm ERR! path /Users/donaldpinckney/Research/packages/dependency-runner/Experiments/Output/nontesting/work/csstype/rosette/package\nnpm ERR! command failed\nnpm ERR! command sh -c npm install --prefix __tests__ && npm install --prefix __tests__/__fixtures__\n\nnpm ERR! A complete log of this run can be found in:\nnpm ERR!     /Users/donaldpinckney/.npm/_logs/2021-10-12T21_34_29_732Z-debug.log\n"
  }
}