{
  "install-success": false,
  "error": {
    "stage": "install",
    "command": "npm install --rosette",
    "retcode": 1,
    "stdout": "0 / 1\nSending query to rosette: /var/folders/9x/h9vpkyxj3pg0chrllkhfpkzm0000gn/T/tmp-91101-U7R4ORLTWxpy\nGot: /var/folders/9x/h9vpkyxj3pg0chrllkhfpkzm0000gn/T/tmp-91101-XYVgVbubQNXr\nDecoding Rosette answer: [object Object]\n\n> source-map-support@0.5.20 prepublish\n> npm run build\n\n\n> source-map-support@0.5.20 build\n> node build.js\n\n",
    "stderr": "npm WARN deprecated urix@0.1.0: Please see https://github.com/lydell/urix#deprecated\nnpm WARN deprecated resolve-url@0.2.1: https://github.com/lydell/resolve-url#deprecated\nnpm WARN deprecated json3@3.3.2: Please use the native JSON object instead of JSON 3\nnpm WARN deprecated chokidar@1.7.0: Chokidar 2 will break on node v14+. Upgrade to chokidar 3 with 15x less dependencies.\nnpm WARN deprecated fsevents@1.2.13: fsevents 1 will break on node v14+ and could be using insecure binaries. Upgrade to fsevents 2.\nnpm WARN deprecated minimatch@0.3.0: Please update to minimatch 3.0.2 or higher to avoid a RegExp DoS issue\nnpm WARN deprecated querystring@0.2.0: The querystring API is considered Legacy. new code should use the URLSearchParams API instead.\nnpm WARN deprecated mkdirp@0.5.1: Legacy versions of mkdirp are no longer supported. Please update to mkdirp 1.x. (Note that the API surface has changed to use Promises in 1.x.)\nnpm WARN deprecated ecstatic@3.3.2: This package is unmaintained and deprecated. See the GH Issue 259.\nnpm WARN deprecated buffer@2.3.4: This version of 'buffer' is out-of-date. You must update to v2.8.3 or newer\nnode:internal/modules/cjs/loader:922\n  throw err;\n  ^\n\nError: Cannot find module '/Users/donaldpinckney/Research/packages/dependency-runner/Experiments/Output/nontesting/work/source-map-support/rosette/package/build.js'\n    at Function.Module._resolveFilename (node:internal/modules/cjs/loader:919:15)\n    at Function.Module._load (node:internal/modules/cjs/loader:763:27)\n    at Function.executeUserEntryPoint [as runMain] (node:internal/modules/run_main:76:12)\n    at node:internal/main/run_main_module:17:47 {\n  code: 'MODULE_NOT_FOUND',\n  requireStack: []\n}\nnpm ERR! code 1\nnpm ERR! path /Users/donaldpinckney/Research/packages/dependency-runner/Experiments/Output/nontesting/work/source-map-support/rosette/package\nnpm ERR! command failed\nnpm ERR! command sh -c npm run build\n\nnpm ERR! A complete log of this run can be found in:\nnpm ERR!     /Users/donaldpinckney/.npm/_logs/2021-10-12T18_17_20_181Z-debug.log\n"
  }
}