{
  "install-success": false,
  "error": {
    "stage": "install",
    "command": "npm install --rosette",
    "retcode": 1,
    "stdout": "0 / 1\n100 / 1177\n200 / 1077\n300 / 980\n400 / 880\n500 / 780\n600 / 680\n700 / 580\n800 / 480\n900 / 380\n1000 / 280\n1100 / 180\n1200 / 80\n1300 / 25\nSending query to rosette: /var/folders/9x/h9vpkyxj3pg0chrllkhfpkzm0000gn/T/tmp-60003-XVAymkrq82hb\nGot: /var/folders/9x/h9vpkyxj3pg0chrllkhfpkzm0000gn/T/tmp-60003-Zb0NkA0Govi5\nDecoding Rosette answer: [object Object]\n\n> http-proxy-middleware@2.0.1 prepare\n> husky install && yarn build && rm dist/tsconfig.tsbuildinfo\n\n",
    "stderr": "npm WARN ERESOLVE overriding peer dependency\nnpm WARN Found: @types/jest@26.0.24\nnpm WARN node_modules/@types/jest\nnpm WARN   dev @types/jest@\"^26.0.23\" from the root project\nnpm WARN \nnpm WARN Could not resolve dependency:\nnpm WARN peerOptional @types/jest@\"^27.0.0\" from ts-jest@27.0.5\nnpm WARN node_modules/ts-jest\nnpm WARN   dev ts-jest@\"^27.0.2\" from the root project\nnpm WARN deprecated debug@4.1.1: Debug versions >=3.2.0 <3.2.7 || >=4 <4.3.1 have a low-severity ReDos regression when used in a Node.js environment. It is recommended you upgrade to 3.2.7 or 4.3.1. (https://github.com/visionmedia/debug/issues/797)\nnpm WARN deprecated debug@4.1.1: Debug versions >=3.2.0 <3.2.7 || >=4 <4.3.1 have a low-severity ReDos regression when used in a Node.js environment. It is recommended you upgrade to 3.2.7 or 4.3.1. (https://github.com/visionmedia/debug/issues/797)\nnpm WARN deprecated debug@4.1.1: Debug versions >=3.2.0 <3.2.7 || >=4 <4.3.1 have a low-severity ReDos regression when used in a Node.js environment. It is recommended you upgrade to 3.2.7 or 4.3.1. (https://github.com/visionmedia/debug/issues/797)\nnpm WARN deprecated uuid@3.4.0: Please upgrade  to version 7 or higher.  Older versions may use Math.random() in certain circumstances, which is known to be problematic.  See https://v8.dev/blog/math-random for details.\n/Users/donaldpinckney/Research/packages/dependency-runner/Experiments/Output/nontesting/work/http-proxy-middleware/rosette/package/node_modules/husky/lib/index.js:20\n        throw new Error(`.git can't be found (see ${url})`);\n        ^\n\nError: .git can't be found (see https://typicode.github.io/husky/#/?id=custom-directory)\n    at Object.install (/Users/donaldpinckney/Research/packages/dependency-runner/Experiments/Output/nontesting/work/http-proxy-middleware/rosette/package/node_modules/husky/lib/index.js:20:15)\n    at Object.install (/Users/donaldpinckney/Research/packages/dependency-runner/Experiments/Output/nontesting/work/http-proxy-middleware/rosette/package/node_modules/husky/lib/bin.js:27:41)\n    at Object.<anonymous> (/Users/donaldpinckney/Research/packages/dependency-runner/Experiments/Output/nontesting/work/http-proxy-middleware/rosette/package/node_modules/husky/lib/bin.js:39:22)\n    at Module._compile (node:internal/modules/cjs/loader:1102:14)\n    at Object.Module._extensions..js (node:internal/modules/cjs/loader:1131:10)\n    at Module.load (node:internal/modules/cjs/loader:967:32)\n    at Function.Module._load (node:internal/modules/cjs/loader:807:14)\n    at Function.executeUserEntryPoint [as runMain] (node:internal/modules/run_main:76:12)\n    at node:internal/main/run_main_module:17:47\nnpm ERR! code 1\nnpm ERR! path /Users/donaldpinckney/Research/packages/dependency-runner/Experiments/Output/nontesting/work/http-proxy-middleware/rosette/package\nnpm ERR! command failed\nnpm ERR! command sh -c husky install && yarn build && rm dist/tsconfig.tsbuildinfo\n\nnpm ERR! A complete log of this run can be found in:\nnpm ERR!     /Users/donaldpinckney/.npm/_logs/2021-10-13T02_06_50_617Z-debug.log\n"
  }
}