{
  "install-success": false,
  "error": {
    "stage": "install",
    "command": "npm install --rosette",
    "retcode": 1,
    "stdout": "0 / 1\nSending query to rosette: /var/folders/9x/h9vpkyxj3pg0chrllkhfpkzm0000gn/T/tmp-49417-ozbZhNqlbycx\nGot: /var/folders/9x/h9vpkyxj3pg0chrllkhfpkzm0000gn/T/tmp-49417-mJqOQeK6bswA\nDecoding Rosette answer: [object Object]\n\n> whatwg-encoding@2.0.0 prepare\n> node scripts/update.js\n\n",
    "stderr": "node:internal/modules/cjs/loader:922\n  throw err;\n  ^\n\nError: Cannot find module '/Users/donaldpinckney/Research/packages/dependency-runner/Experiments/Output/nontesting/work/whatwg-encoding/rosette/package/scripts/update.js'\n    at Function.Module._resolveFilename (node:internal/modules/cjs/loader:919:15)\n    at Function.Module._load (node:internal/modules/cjs/loader:763:27)\n    at Function.executeUserEntryPoint [as runMain] (node:internal/modules/run_main:76:12)\n    at node:internal/main/run_main_module:17:47 {\n  code: 'MODULE_NOT_FOUND',\n  requireStack: []\n}\nnpm ERR! code 1\nnpm ERR! path /Users/donaldpinckney/Research/packages/dependency-runner/Experiments/Output/nontesting/work/whatwg-encoding/rosette/package\nnpm ERR! command failed\nnpm ERR! command sh -c node scripts/update.js\n\nnpm ERR! A complete log of this run can be found in:\nnpm ERR!     /Users/donaldpinckney/.npm/_logs/2021-10-13T00_58_28_863Z-debug.log\n"
  }
}