{
  "install-success": false,
  "install_time": 56.57079315185547,
  "error": {
    "stage": "install",
    "command": "npm install --rosette --ignore-scripts",
    "retcode": 1,
    "stdout": "0 / 1\n100 / 152\n200 / 112\n300 / 740\n400 / 657\n500 / 1490\n600 / 1409\n700 / 1309\n800 / 1209\n900 / 1109\n1000 / 1018\n1100 / 1040\n1200 / 940\n1300 / 848\n1400 / 748\n1500 / 648\n1600 / 548\n1700 / 448\n1800 / 348\n1900 / 248\n2000 / 149\n2100 / 60\n2200 / 96\n2300 / 74\nSending query to rosette: /tmp/tmp-49557-xrjuyM6pFp0Y\n",
    "stderr": "npm ERR! code 1\nnpm ERR! Command failed: racket /home/donald/dependency-runner/RosetteSolver/rosette-solver.rkt /tmp/tmp-49557-xrjuyM6pFp0Y /tmp/tmp-49557-M6aDL770Z2kt\nnpm ERR! read-solution: unrecognized solver output: #<eof>\nnpm ERR!   context...:\nnpm ERR!    /home/donald/.local/share/racket/8.2/pkgs/rosette/rosette/solver/smt/base-solver.rkt:92:0: solver-check\nnpm ERR!    /home/donald/.local/share/racket/8.2/pkgs/rosette/rosette/query/core.rkt:27:0: \u2203-solve\nnpm ERR!    body of \"/home/donald/dependency-runner/RosetteSolver/rosette-solver.rkt\"\nnpm ERR! \nnpm ERR! read-solution: unrecognized solver output: #<eof>\nnpm ERR!   context...:\nnpm ERR!    /home/donald/.local/share/racket/8.2/pkgs/rosette/rosette/solver/smt/base-solver.rkt:92:0: solver-check\nnpm ERR!    /home/donald/.local/share/racket/8.2/pkgs/rosette/rosette/query/core.rkt:27:0: \u2203-solve\nnpm ERR!    body of \"/home/donald/dependency-runner/RosetteSolver/rosette-solver.rkt\"\n\nnpm ERR! A complete log of this run can be found in:\nnpm ERR!     /home/donald/.npm/_logs/2021-10-25T05_29_03_444Z-debug.log\n"
  }
}