{
  "install-success": false,
  "error": {
    "stage": "install",
    "command": "npm install --rosette",
    "retcode": 1,
    "stdout": "0 / 1\nSending query to rosette: /var/folders/9x/h9vpkyxj3pg0chrllkhfpkzm0000gn/T/tmp-70467-EdnDSPjP2W2u\nGot: /var/folders/9x/h9vpkyxj3pg0chrllkhfpkzm0000gn/T/tmp-70467-ZmTPRHxwq2oW\nDecoding Rosette answer: [object Object]\n",
    "stderr": "npm WARN deprecated natives@1.1.6: This module relies on Node.js's internals and will break at some point. Do not use it, and update to graceful-fs@4.x.\nnpm WARN deprecated urix@0.1.0: Please see https://github.com/lydell/urix#deprecated\nnpm WARN deprecated har-validator@5.1.5: this library is no longer supported\nnpm WARN deprecated minimatch@2.0.10: Please update to minimatch 3.0.2 or higher to avoid a RegExp DoS issue\nnpm WARN deprecated cryptiles@2.0.5: This version has been deprecated in accordance with the hapi support policy (hapi.im/support). Please upgrade to the latest version to get the best features, bug fixes, and security patches. If you are unable to upgrade at this time, paid support is available for older versions (hapi.im/commercial).\nnpm WARN deprecated graceful-fs@1.2.3: please upgrade to graceful-fs 4 for compatibility with current and future versions of Node.js\nnpm WARN deprecated resolve-url@0.2.1: https://github.com/lydell/resolve-url#deprecated\nnpm WARN deprecated topo@1.1.0: This version has been deprecated in accordance with the hapi support policy (hapi.im/support). Please upgrade to the latest version to get the best features, bug fixes, and security patches. If you are unable to upgrade at this time, paid support is available for older versions (hapi.im/commercial).\nnpm WARN deprecated json3@3.3.2: Please use the native JSON object instead of JSON 3\nnpm WARN deprecated chokidar@1.7.0: Chokidar 2 will break on node v14+. Upgrade to chokidar 3 with 15x less dependencies.\nnpm WARN deprecated circular-json@0.3.3: CircularJSON is in maintenance only, flatted is its successor.\nnpm WARN deprecated cross-spawn-async@2.2.5: cross-spawn no longer requires a build toolchain, use it instead\nnpm WARN deprecated gulp-util@3.0.8: gulp-util is deprecated - replace it, following the guidelines at https://medium.com/gulpjs/gulp-util-ca3b1f9f9ac5\nnpm WARN deprecated debug@3.2.6: Debug versions >=3.2.0 <3.2.7 || >=4 <4.3.1 have a low-severity ReDos regression when used in a Node.js environment. It is recommended you upgrade to 3.2.7 or 4.3.1. (https://github.com/visionmedia/debug/issues/797)\nnpm WARN deprecated fsevents@1.2.13: fsevents 1 will break on node v14+ and could be using insecure binaries. Upgrade to fsevents 2.\nnpm WARN deprecated minimatch@0.2.14: Please update to minimatch 3.0.2 or higher to avoid a RegExp DoS issue\nnpm WARN deprecated boom@2.10.1: This version has been deprecated in accordance with the hapi support policy (hapi.im/support). Please upgrade to the latest version to get the best features, bug fixes, and security patches. If you are unable to upgrade at this time, paid support is available for older versions (hapi.im/commercial).\nnpm WARN deprecated querystring@0.2.0: The querystring API is considered Legacy. new code should use the URLSearchParams API instead.\nnpm WARN deprecated sntp@1.0.9: This module moved to @hapi/sntp. Please make sure to switch over as this distribution is no longer supported and may contain bugs and critical security issues.\nnpm WARN deprecated wreck@6.3.0: This version has been deprecated in accordance with the hapi support policy (hapi.im/support). Please upgrade to the latest version to get the best features, bug fixes, and security patches. If you are unable to upgrade at this time, paid support is available for older versions (hapi.im/commercial).\nnpm WARN deprecated uuid@3.4.0: Please upgrade  to version 7 or higher.  Older versions may use Math.random() in certain circumstances, which is known to be problematic.  See https://v8.dev/blog/math-random for details.\nnpm WARN deprecated har-validator@2.0.6: this library is no longer supported\nnpm WARN deprecated hoek@2.16.3: This version has been deprecated in accordance with the hapi support policy (hapi.im/support). Please upgrade to the latest version to get the best features, bug fixes, and security patches. If you are unable to upgrade at this time, paid support is available for older versions (hapi.im/commercial).\nnpm WARN deprecated mkdirp@0.5.1: Legacy versions of mkdirp are no longer supported. Please update to mkdirp 1.x. (Note that the API surface has changed to use Promises in 1.x.)\nnpm WARN deprecated request@2.79.0: request has been deprecated, see https://github.com/request/request/issues/3142\nnpm WARN deprecated request@2.88.2: request has been deprecated, see https://github.com/request/request/issues/3142\nnpm WARN deprecated nsp@2.8.1: The Node Security Platform service is shutting down 9/30 - https://blog.npmjs.org/post/175511531085/the-node-security-platform-service-is-shutting\nnpm WARN deprecated hawk@3.1.3: This module moved to @hapi/hawk. Please make sure to switch over as this distribution is no longer supported and may contain bugs and critical security issues.\nnpm WARN deprecated bcrypt@1.0.3: versions < v5.0.0 do not handle NUL in passwords properly\nnpm WARN deprecated node-pre-gyp@0.6.36: Please upgrade to @mapbox/node-pre-gyp: the non-scoped node-pre-gyp package is deprecated and only the @mapbox scoped package will recieve updates in the future\nnpm WARN deprecated istanbul@0.4.5: This module is no longer maintained, try this instead:\nnpm WARN deprecated   npm i nyc\nnpm WARN deprecated Visit https://istanbul.js.org/integrations for other alternatives.\nnpm WARN deprecated joi@6.10.1: This version has been deprecated in accordance with the hapi support policy (hapi.im/support). Please upgrade to the latest version to get the best features, bug fixes, and security patches. If you are unable to upgrade at this time, paid support is available for older versions (hapi.im/commercial).\nnpm WARN deprecated tar@2.2.2: This version of tar is no longer supported, and will not receive security updates. Please upgrade asap.\nnpm ERR! code 1\nnpm ERR! path /Users/donaldpinckney/Research/packages/dependency-runner/Experiments/Output/nontesting/work/stealthy-require/rosette/package/node_modules/bcrypt\nnpm ERR! command failed\nnpm ERR! command sh -c node-pre-gyp install --fallback-to-build\nnpm ERR! CXX(target) Release/obj.target/bcrypt_lib/src/blowfish.o\nnpm ERR!   CXX(target) Release/obj.target/bcrypt_lib/src/blowfish.o\nnpm ERR!   CXX(target) Release/obj.target/bcrypt_lib/src/bcrypt.o\nnpm ERR!   CXX(target) Release/obj.target/bcrypt_lib/src/bcrypt.o\nnpm ERR!   CXX(target) Release/obj.target/bcrypt_lib/src/bcrypt_node.o\nnpm ERR! Failed to execute '/Users/donaldpinckney/.nvm/versions/node/v15.2.1/bin/node /Users/donaldpinckney/Research/packages/dependency-runner/arborist/node_modules/node-gyp/bin/node-gyp.js build --fallback-to-build --module=/Users/donaldpinckney/Research/packages/dependency-runner/Experiments/Output/nontesting/work/stealthy-require/rosette/package/node_modules/bcrypt/lib/binding/bcrypt_lib.node --module_name=bcrypt_lib --module_path=/Users/donaldpinckney/Research/packages/dependency-runner/Experiments/Output/nontesting/work/stealthy-require/rosette/package/node_modules/bcrypt/lib/binding' (1)\nnpm ERR! node-pre-gyp info it worked if it ends with ok\nnpm ERR! node-pre-gyp info using node-pre-gyp@0.6.36\nnpm ERR! node-pre-gyp info using node@15.2.1 | darwin | x64\nnpm ERR! node-pre-gyp info check checked for \"/Users/donaldpinckney/Research/packages/dependency-runner/Experiments/Output/nontesting/work/stealthy-require/rosette/package/node_modules/bcrypt/lib/binding/bcrypt_lib.node\" (not found)\nnpm ERR! node-pre-gyp http GET https://github.com/kelektiv/node.bcrypt.js/releases/download/v1.0.3/bcrypt_lib-v1.0.3-node-v88-darwin-x64.tar.gz\nnpm ERR! node-pre-gyp http 404 https://github.com/kelektiv/node.bcrypt.js/releases/download/v1.0.3/bcrypt_lib-v1.0.3-node-v88-darwin-x64.tar.gz\nnpm ERR! node-pre-gyp ERR! Tried to download(404): https://github.com/kelektiv/node.bcrypt.js/releases/download/v1.0.3/bcrypt_lib-v1.0.3-node-v88-darwin-x64.tar.gz \nnpm ERR! node-pre-gyp ERR! Pre-built binaries not found for bcrypt@1.0.3 and node@15.2.1 (node-v88 ABI) (falling back to source compile with node-gyp) \nnpm ERR! node-pre-gyp http 404 status code downloading tarball https://github.com/kelektiv/node.bcrypt.js/releases/download/v1.0.3/bcrypt_lib-v1.0.3-node-v88-darwin-x64.tar.gz \nnpm ERR! node-pre-gyp ERR! Tried to download(undefined): https://github.com/kelektiv/node.bcrypt.js/releases/download/v1.0.3/bcrypt_lib-v1.0.3-node-v88-darwin-x64.tar.gz \nnpm ERR! node-pre-gyp ERR! Pre-built binaries not found for bcrypt@1.0.3 and node@15.2.1 (node-v88 ABI) (falling back to source compile with node-gyp) \nnpm ERR! node-pre-gyp http Connection closed while downloading tarball file \nnpm ERR! gyp info it worked if it ends with ok\nnpm ERR! gyp info it worked if it ends with ok\nnpm ERR! gyp info using node-gyp@7.1.2\nnpm ERR! gyp info using node@15.2.1 | darwin | x64\nnpm ERR! gyp info using node-gyp@7.1.2\nnpm ERR! gyp info using node@15.2.1 | darwin | x64\nnpm ERR! gyp info ok \nnpm ERR! gyp info ok \nnpm ERR! gyp info it worked if it ends with ok\nnpm ERR! gyp info it worked if it ends with ok\nnpm ERR! gyp info using node-gyp@7.1.2\nnpm ERR! gyp info using node@15.2.1 | darwin | x64\nnpm ERR! gyp info using node-gyp@7.1.2\nnpm ERR! gyp info using node@15.2.1 | darwin | x64\nnpm ERR! gyp info find Python using Python version 3.9.7 found at \"/usr/local/opt/python@3.9/bin/python3.9\"\nnpm ERR! gyp info find Python using Python version 3.9.7 found at \"/usr/local/opt/python@3.9/bin/python3.9\"\nnpm ERR! gyp info spawn /usr/local/opt/python@3.9/bin/python3.9\nnpm ERR! gyp info spawn args [\nnpm ERR! gyp info spawn args   '/Users/donaldpinckney/Research/packages/dependency-runner/arborist/node_modules/node-gyp/gyp/gyp_main.py',\nnpm ERR! gyp info spawn args   'binding.gyp',\nnpm ERR! gyp info spawn args   '-f',\nnpm ERR! gyp info spawn args   'make',\nnpm ERR! gyp info spawn args   '-I',\nnpm ERR! gyp info spawn args   '/Users/donaldpinckney/Research/packages/dependency-runner/Experiments/Output/nontesting/work/stealthy-require/rosette/package/node_modules/bcrypt/build/config.gypi',\nnpm ERR! gyp info spawn args   '-I',\nnpm ERR! gyp info spawn args   '/Users/donaldpinckney/Research/packages/dependency-runner/arborist/node_modules/node-gyp/addon.gypi',\nnpm ERR! gyp info spawn args   '-I',\nnpm ERR! gyp info spawn args   '/Users/donaldpinckney/Library/Caches/node-gyp/15.2.1/include/node/common.gypi',\nnpm ERR! gyp info spawn args   '-Dlibrary=shared_library',\nnpm ERR! gyp info spawn args   '-Dvisibility=default',\nnpm ERR! gyp info spawn args   '-Dnode_root_dir=/Users/donaldpinckney/Library/Caches/node-gyp/15.2.1',\nnpm ERR! gyp info gyp info spawn /usr/local/opt/python@3.9/bin/python3.9\nnpm ERR! spawn args   '-Dnode_gyp_dir=/Users/donaldpinckney/Research/packages/dependency-runner/arborist/node_modules/node-gyp',\nnpm ERR! gyp info spawn args   '-Dnode_lib_file=/Users/donaldpinckney/Library/Caches/node-gyp/15.2.1/<(target_arch)/node.lib',\nnpm ERR! gyp info spawn args   '-Dmodule_root_dir=/Users/donaldpinckney/Research/packages/dependency-runner/Experiments/Output/nontesting/work/stealthy-require/rosette/package/node_modules/bcrypt',\nnpm ERR! gyp info spawn args   '-Dnode_engine=v8',\nnpm ERR! gyp info spawn args   '--depth=.',\nnpm ERR! gyp info spawn args   '--no-parallel',\nnpm ERR! gyp info spawn args   '--generator-output',\nnpm ERR! gyp info spawn args   'build',\nnpm ERR! gyp info spawn args   '-Goutput_dir=.'\nnpm ERR! gyp info spawn args ]\nnpm ERR! gyp info spawn args [\nnpm ERR! gyp info spawn args   '/Users/donaldpinckney/Research/packages/dependency-runner/arborist/node_modules/node-gyp/gyp/gyp_main.py',\nnpm ERR! gyp info spawn args   'binding.gyp',\nnpm ERR! gyp info spawn args   '-f',\nnpm ERR! gyp info spawn args   'make',\nnpm ERR! gyp info spawn args   '-I',\nnpm ERR! gyp info spawn args   '/Users/donaldpinckney/Research/packages/dependency-runner/Experiments/Output/nontesting/work/stealthy-require/rosette/package/node_modules/bcrypt/build/config.gypi',\nnpm ERR! gyp info spawn args   '-I',\nnpm ERR! gyp info spawn args   '/Users/donaldpinckney/Research/packages/dependency-runner/arborist/node_modules/node-gyp/addon.gypi',\nnpm ERR! gyp info spawn args   '-I',\nnpm ERR! gyp info spawn args   '/Users/donaldpinckney/Library/Caches/node-gyp/15.2.1/include/node/common.gypi',\nnpm ERR! gyp info spawn args   '-Dlibrary=shared_library',\nnpm ERR! gyp info spawn args   '-Dvisibility=default',\nnpm ERR! gyp info spawn args   '-Dnode_root_dir=/Users/donaldpinckney/Library/Caches/node-gyp/15.2.1',\nnpm ERR! gyp info spawn args   '-Dnode_gyp_dir=/Users/donaldpinckney/Research/packages/dependency-runner/arborist/node_modules/node-gyp',\nnpm ERR! gyp info spawn args   '-Dnode_lib_file=/Users/donaldpinckney/Library/Caches/node-gyp/15.2.1/<(target_arch)/node.lib',\nnpm ERR! gyp info spawn args   '-Dmodule_root_dir=/Users/donaldpinckney/Research/packages/dependency-runner/Experiments/Output/nontesting/work/stealthy-require/rosette/package/node_modules/bcrypt',\nnpm ERR! gyp info spawn args   '-Dnode_engine=v8',\nnpm ERR! gyp info spawn args   '--depth=.',\nnpm ERR! gyp info spawn args   '--no-parallel',\nnpm ERR! gyp info spawn args   '--generator-output',\nnpm ERR! gyp info spawn args   'build',\nnpm ERR! gyp info spawn args   '-Goutput_dir=.'\nnpm ERR! gyp info spawn args ]\nnpm ERR! gyp info ok \nnpm ERR! gyp info ok \nnpm ERR! gyp info it worked if it ends with ok\nnpm ERR! gyp info using node-gyp@7.1.2\nnpm ERR! gyp info using node@15.2.1 | darwin | x64\nnpm ERR! gyp info it worked if it ends with ok\nnpm ERR! gyp info using node-gyp@7.1.2\nnpm ERR! gyp info using node@15.2.1 | darwin | x64\nnpm ERR! gyp info spawn make\nnpm ERR! gyp info spawn args [ 'BUILDTYPE=Release', '-C', 'build' ]\nnpm ERR! gyp info spawn make\nnpm ERR! gyp info spawn args [ 'BUILDTYPE=Release', '-C', 'build' ]\nnpm ERR! rm: ./Release/.deps/Release/obj.target/bcrypt_lib/src/bcrypt.o.d.raw: No such file or directory\nnpm ERR! make: *** [Release/obj.target/bcrypt_lib/src/bcrypt.o] Error 1\nnpm ERR! gyp ERR! build error \nnpm ERR! gyp ERR! stack Error: `make` failed with exit code: 2\nnpm ERR! gyp ERR! stack     at ChildProcess.onExit (/Users/donaldpinckney/Research/packages/dependency-runner/arborist/node_modules/node-gyp/lib/build.js:194:23)\nnpm ERR! gyp ERR! stack     at ChildProcess.emit (node:events:329:20)\nnpm ERR! gyp ERR! stack     at Process.ChildProcess._handle.onexit (node:internal/child_process:277:12)\nnpm ERR! gyp ERR! System Darwin 20.5.0\nnpm ERR! gyp ERR! command \"/Users/donaldpinckney/.nvm/versions/node/v15.2.1/bin/node\" \"/Users/donaldpinckney/Research/packages/dependency-runner/arborist/node_modules/node-gyp/bin/node-gyp.js\" \"build\" \"--fallback-to-build\" \"--module=/Users/donaldpinckney/Research/packages/dependency-runner/Experiments/Output/nontesting/work/stealthy-require/rosette/package/node_modules/bcrypt/lib/binding/bcrypt_lib.node\" \"--module_name=bcrypt_lib\" \"--module_path=/Users/donaldpinckney/Research/packages/dependency-runner/Experiments/Output/nontesting/work/stealthy-require/rosette/package/node_modules/bcrypt/lib/binding\"\nnpm ERR! gyp ERR! cwd /Users/donaldpinckney/Research/packages/dependency-runner/Experiments/Output/nontesting/work/stealthy-require/rosette/package/node_modules/bcrypt\nnpm ERR! gyp ERR! node -v v15.2.1\nnpm ERR! gyp ERR! node-gyp -v v7.1.2\nnpm ERR! gyp ERR! not ok \nnpm ERR! node-pre-gyp ERR! build error \nnpm ERR! node-pre-gyp ERR! stack Error: Failed to execute '/Users/donaldpinckney/.nvm/versions/node/v15.2.1/bin/node /Users/donaldpinckney/Research/packages/dependency-runner/arborist/node_modules/node-gyp/bin/node-gyp.js build --fallback-to-build --module=/Users/donaldpinckney/Research/packages/dependency-runner/Experiments/Output/nontesting/work/stealthy-require/rosette/package/node_modules/bcrypt/lib/binding/bcrypt_lib.node --module_name=bcrypt_lib --module_path=/Users/donaldpinckney/Research/packages/dependency-runner/Experiments/Output/nontesting/work/stealthy-require/rosette/package/node_modules/bcrypt/lib/binding' (1)\nnpm ERR! node-pre-gyp ERR! stack     at ChildProcess.<anonymous> (/Users/donaldpinckney/Research/packages/dependency-runner/Experiments/Output/nontesting/work/stealthy-require/rosette/package/node_modules/node-pre-gyp/lib/util/compile.js:83:29)\nnpm ERR! node-pre-gyp ERR! stack     at ChildProcess.emit (node:events:329:20)\nnpm ERR! node-pre-gyp ERR! stack     at maybeClose (node:internal/child_process:1055:16)\nnpm ERR! node-pre-gyp ERR! stack     at Process.ChildProcess._handle.onexit (node:internal/child_process:288:5)\nnpm ERR! node-pre-gyp ERR! System Darwin 20.5.0\nnpm ERR! node-pre-gyp ERR! command \"/Users/donaldpinckney/.nvm/versions/node/v15.2.1/bin/node\" \"/Users/donaldpinckney/Research/packages/dependency-runner/Experiments/Output/nontesting/work/stealthy-require/rosette/package/node_modules/.bin/node-pre-gyp\" \"install\" \"--fallback-to-build\"\nnpm ERR! node-pre-gyp ERR! cwd /Users/donaldpinckney/Research/packages/dependency-runner/Experiments/Output/nontesting/work/stealthy-require/rosette/package/node_modules/bcrypt\nnpm ERR! node-pre-gyp ERR! node -v v15.2.1\nnpm ERR! node-pre-gyp ERR! node-pre-gyp -v v0.6.36\nnpm ERR! node-pre-gyp ERR! not ok \nnpm ERR! In file included from ../src/bcrypt_node.cc:1:\nnpm ERR! In file included from ../../nan/nan.h:192:\nnpm ERR! ../../nan/nan_maybe_43_inl.h:112:15: error: no member named 'ForceSet' in 'v8::Object'\nnpm ERR!   return obj->ForceSet(isolate->GetCurrentContext(), key, value, attribs);\nnpm ERR!          ~~~~~^\nnpm ERR! In file included from ../src/bcrypt_node.cc:1:\nnpm ERR! In file included from ../../nan/nan.h:197:\nnpm ERR! In file included from ../../nan/nan_converters.h:59:\nnpm ERR! ../../nan/nan_converters_43_inl.h:22:1: error: no viable conversion from 'Local<v8::Context>' to 'v8::Isolate *'\nnpm ERR! X(Boolean)\nnpm ERR! ^~~~~~~~~~\nnpm ERR! ../../nan/nan_converters_43_inl.h:18:23: note: expanded from macro 'X'\nnpm ERR!       val->To ## TYPE(v8::Isolate::GetCurrent()->GetCurrentContext())          \\\nnpm ERR!                       ^~~~~~~~~~~~~~~~~~~~~~~~~~~~~~~~~~~~~~~~~~~~~~\nnpm ERR! /Users/donaldpinckney/Library/Caches/node-gyp/15.2.1/include/node/v8.h:2894:37: note: passing argument to parameter 'isolate' here\nnpm ERR!   Local<Boolean> ToBoolean(Isolate* isolate) const;\nnpm ERR!                                     ^\nnpm ERR! In file included from ../src/bcrypt_node.cc:1:\nnpm ERR! In file included from ../../nan/nan.h:197:\nnpm ERR! In file included from ../../nan/nan_converters.h:59:\nnpm ERR! ../../nan/nan_converters_43_inl.h:40:1: error: no viable conversion from 'Local<v8::Context>' to 'v8::Isolate *'\nnpm ERR! X(bool, Boolean)\nnpm ERR! ^~~~~~~~~~~~~~~~\nnpm ERR! ../../nan/nan_converters_43_inl.h:37:29: note: expanded from macro 'X'\nnpm ERR!   return val->NAME ## Value(isolate->GetCurrentContext());                     \\\nnpm ERR!                             ^~~~~~~~~~~~~~~~~~~~~~~~~~~~\nnpm ERR! /Users/donaldpinckney/Library/Caches/node-gyp/15.2.1/include/node/v8.h:2904:30: note: passing argument to parameter 'isolate' here\nnpm ERR!   bool BooleanValue(Isolate* isolate) const;\nnpm ERR!                              ^\nnpm ERR! In file included from ../src/bcrypt_node.cc:1:\nnpm ERR! In file included from ../../nan/nan.h:198:\nnpm ERR! In file included from ../../nan/nan_new.h:189:\nnpm ERR! ../../nan/nan_implementation_12_inl.h:103:42: error: no viable conversion from 'v8::Isolate *' to 'Local<v8::Context>'\nnpm ERR!   return scope.Escape(v8::Function::New( isolate\nnpm ERR!                                          ^~~~~~~\nnpm ERR! /Users/donaldpinckney/Library/Caches/node-gyp/15.2.1/include/node/v8.h:194:7: note: candidate constructor (the implicit copy constructor) not viable: no known conversion from 'v8::Isolate *' to 'const v8::Local<v8::Context> &' for 1st argument\nnpm ERR! class Local {\nnpm ERR!       ^\nnpm ERR! /Users/donaldpinckney/Library/Caches/node-gyp/15.2.1/include/node/v8.h:194:7: note: candidate constructor (the implicit move constructor) not viable: no known conversion from 'v8::Isolate *' to 'v8::Local<v8::Context> &&' for 1st argument\nnpm ERR! /Users/donaldpinckney/Library/Caches/node-gyp/15.2.1/include/node/v8.h:198:13: note: candidate template ignored: could not match 'Local<type-parameter-0-0>' against 'v8::Isolate *'\nnpm ERR!   V8_INLINE Local(Local<S> that)\nnpm ERR!             ^\nnpm ERR! /Users/donaldpinckney/Library/Caches/node-gyp/15.2.1/include/node/v8.h:341:22: note: explicit constructor is not a candidate\nnpm ERR!   explicit V8_INLINE Local(T* that) : val_(that) {}\nnpm ERR!                      ^\nnpm ERR! /Users/donaldpinckney/Library/Caches/node-gyp/15.2.1/include/node/v8.h:4492:22: note: passing argument to parameter 'context' here\nnpm ERR!       Local<Context> context, FunctionCallback callback,\nnpm ERR!                      ^\nnpm ERR! In file included from ../src/bcrypt_node.cc:1:\nnpm ERR! In file included from ../../nan/nan.h:198:\nnpm ERR! In file included from ../../nan/nan_new.h:189:\nnpm ERR! ../../nan/nan_implementation_12_inl.h:337:37: error: too few arguments to function call, expected 2, have 1\nnpm ERR!   return v8::StringObject::New(value).As<v8::StringObject>();\nnpm ERR!          ~~~~~~~~~~~~~~~~~~~~~      ^\nnpm ERR! /Users/donaldpinckney/Library/Caches/node-gyp/15.2.1/include/node/v8.h:5900:23: note: 'New' declared here\nnpm ERR!   static Local<Value> New(Isolate* isolate, Local<String> value);\nnpm ERR!                       ^\nnpm ERR! In file included from ../src/bcrypt_node.cc:1:\nnpm ERR! ../../nan/nan.h:834:18: warning: 'MakeCallback' is deprecated: Use MakeCallback(..., async_context) [-Wdeprecated-declarations]\nnpm ERR!     return node::MakeCallback(\nnpm ERR!                  ^\nnpm ERR! /Users/donaldpinckney/Library/Caches/node-gyp/15.2.1/include/node/node.h:183:1: note: 'MakeCallback' has been explicitly marked deprecated here\nnpm ERR! NODE_DEPRECATED(\"Use MakeCallback(..., async_context)\",\nnpm ERR! ^\nnpm ERR! /Users/donaldpinckney/Library/Caches/node-gyp/15.2.1/include/node/node.h:101:20: note: expanded from macro 'NODE_DEPRECATED'\nnpm ERR!     __attribute__((deprecated(message))) declarator\nnpm ERR!                    ^\nnpm ERR! In file included from ../src/bcrypt_node.cc:1:\nnpm ERR! ../../nan/nan.h:849:18: warning: 'MakeCallback' is deprecated: Use MakeCallback(..., async_context) [-Wdeprecated-declarations]\nnpm ERR!     return node::MakeCallback(\nnpm ERR!                  ^\nnpm ERR! /Users/donaldpinckney/Library/Caches/node-gyp/15.2.1/include/node/node.h:176:1: note: 'MakeCallback' has been explicitly marked deprecated here\nnpm ERR! NODE_DEPRECATED(\"Use MakeCallback(..., async_context)\",\nnpm ERR! ^\nnpm ERR! /Users/donaldpinckney/Library/Caches/node-gyp/15.2.1/include/node/node.h:101:20: note: expanded from macro 'NODE_DEPRECATED'\nnpm ERR!     __attribute__((deprecated(message))) declarator\nnpm ERR!                    ^\nnpm ERR! In file included from ../src/bcrypt_node.cc:1:\nnpm ERR! ../../nan/nan.h:864:18: warning: 'MakeCallback' is deprecated: Use MakeCallback(..., async_context) [-Wdeprecated-declarations]\nnpm ERR!     return node::MakeCallback(\nnpm ERR!                  ^\nnpm ERR! /Users/donaldpinckney/Library/Caches/node-gyp/15.2.1/include/node/node.h:169:1: note: 'MakeCallback' has been explicitly marked deprecated here\nnpm ERR! NODE_DEPRECATED(\"Use MakeCallback(..., async_context)\",\nnpm ERR! ^\nnpm ERR! /Users/donaldpinckney/Library/Caches/node-gyp/15.2.1/include/node/node.h:101:20: note: expanded from macro 'NODE_DEPRECATED'\nnpm ERR!     __attribute__((deprecated(message))) declarator\nnpm ERR!                    ^\nnpm ERR! In file included from ../src/bcrypt_node.cc:1:\nnpm ERR! ../../nan/nan.h:911:53: error: too few arguments to function call, single argument 'context' was not specified\nnpm ERR!       v8::Local<v8::String> string = from->ToString();\nnpm ERR!                                      ~~~~~~~~~~~~~~ ^\nnpm ERR! /Users/donaldpinckney/Library/Caches/node-gyp/15.2.1/include/node/v8.h:2856:44: note: 'ToString' declared here\nnpm ERR!   V8_WARN_UNUSED_RESULT MaybeLocal<String> ToString(\nnpm ERR!                                            ^\nnpm ERR! In file included from ../src/bcrypt_node.cc:1:\nnpm ERR! ../../nan/nan.h:921:37: error: cannot initialize a parameter of type 'v8::Isolate *' with an lvalue of type 'char *'\nnpm ERR!         length_ = string->WriteUtf8(str_, static_cast<int>(len), 0, flags);\nnpm ERR!                                     ^~~~\nnpm ERR! /Users/donaldpinckney/Library/Caches/node-gyp/15.2.1/include/node/v8.h:3083:26: note: passing argument to parameter 'isolate' here\nnpm ERR!   int WriteUtf8(Isolate* isolate, char* buffer, int length = -1,\nnpm ERR!                          ^\nnpm ERR! In file included from ../src/bcrypt_node.cc:1:\nnpm ERR! ../../nan/nan.h:1473:31: warning: 'MakeCallback' is deprecated: Use MakeCallback(..., async_context) [-Wdeprecated-declarations]\nnpm ERR!     return scope.Escape(node::MakeCallback(\nnpm ERR!                               ^\nnpm ERR! /Users/donaldpinckney/Library/Caches/node-gyp/15.2.1/include/node/node.h:183:1: note: 'MakeCallback' has been explicitly marked deprecated here\nnpm ERR! NODE_DEPRECATED(\"Use MakeCallback(..., async_context)\",\nnpm ERR! ^\nnpm ERR! /Users/donaldpinckney/Library/Caches/node-gyp/15.2.1/include/node/node.h:101:20: note: expanded from macro 'NODE_DEPRECATED'\nnpm ERR!     __attribute__((deprecated(message))) declarator\nnpm ERR!                    ^\nnpm ERR! In file included from ../src/bcrypt_node.cc:1:\nnpm ERR! ../../nan/nan.h:1533:28: error: no matching member function for call to 'Set'\nnpm ERR!     New(persistentHandle)->Set(New(key).ToLocalChecked(), value);\nnpm ERR!     ~~~~~~~~~~~~~~~~~~~~~~~^~~\nnpm ERR! /Users/donaldpinckney/Library/Caches/node-gyp/15.2.1/include/node/v8.h:3716:37: note: candidate function not viable: requires 3 arguments, but 2 were provided\nnpm ERR!   V8_WARN_UNUSED_RESULT Maybe<bool> Set(Local<Context> context,\nnpm ERR!                                     ^\nnpm ERR! /Users/donaldpinckney/Library/Caches/node-gyp/15.2.1/include/node/v8.h:3719:37: note: candidate function not viable: requires 3 arguments, but 2 were provided\nnpm ERR!   V8_WARN_UNUSED_RESULT Maybe<bool> Set(Local<Context> context, uint32_t index,\nnpm ERR!                                     ^\nnpm ERR! In file included from ../src/bcrypt_node.cc:1:\nnpm ERR! ../../nan/nan.h:1539:28: error: no matching member function for call to 'Set'\nnpm ERR!     New(persistentHandle)->Set(key, value);\nnpm ERR!     ~~~~~~~~~~~~~~~~~~~~~~~^~~\nnpm ERR! /Users/donaldpinckney/Library/Caches/node-gyp/15.2.1/include/node/v8.h:3716:37: note: candidate function not viable: requires 3 arguments, but 2 were provided\nnpm ERR!   V8_WARN_UNUSED_RESULT Maybe<bool> Set(Local<Context> context,\nnpm ERR!                                     ^\nnpm ERR! /Users/donaldpinckney/Library/Caches/node-gyp/15.2.1/include/node/v8.h:3719:37: note: candidate function not viable: requires 3 arguments, but 2 were provided\nnpm ERR!   V8_WARN_UNUSED_RESULT Maybe<bool> Set(Local<Context> context, uint32_t index,\nnpm ERR!                                     ^\nnpm ERR! In file included from ../src/bcrypt_node.cc:1:\nnpm ERR! ../../nan/nan.h:1545:28: error: no matching member function for call to 'Set'\nnpm ERR!     New(persistentHandle)->Set(index, value);\nnpm ERR!     ~~~~~~~~~~~~~~~~~~~~~~~^~~\nnpm ERR! /Users/donaldpinckney/Library/Caches/node-gyp/15.2.1/include/node/v8.h:3716:37: note: candidate function not viable: requires 3 arguments, but 2 were provided\nnpm ERR!   V8_WARN_UNUSED_RESULT Maybe<bool> Set(Local<Context> context,\nnpm ERR!                                     ^\nnpm ERR! /Users/donaldpinckney/Library/Caches/node-gyp/15.2.1/include/node/v8.h:3719:37: note: candidate function not viable: requires 3 arguments, but 2 were provided\nnpm ERR!   V8_WARN_UNUSED_RESULT Maybe<bool> Set(Local<Context> context, uint32_t index,\nnpm ERR!                                     ^\nnpm ERR! In file included from ../src/bcrypt_node.cc:1:\nnpm ERR! ../../nan/nan.h:1551:32: error: no matching member function for call to 'Get'\nnpm ERR!         New(persistentHandle)->Get(New(key).ToLocalChecked()));\nnpm ERR!         ~~~~~~~~~~~~~~~~~~~~~~~^~~\nnpm ERR! /Users/donaldpinckney/Library/Caches/node-gyp/15.2.1/include/node/v8.h:3763:43: note: candidate function not viable: requires 2 arguments, but 1 was provided\nnpm ERR!   V8_WARN_UNUSED_RESULT MaybeLocal<Value> Get(Local<Context> context,\nnpm ERR!                                           ^\nnpm ERR! /Users/donaldpinckney/Library/Caches/node-gyp/15.2.1/include/node/v8.h:3766:43: note: candidate function not viable: requires 2 arguments, but 1 was provided\nnpm ERR!   V8_WARN_UNUSED_RESULT MaybeLocal<Value> Get(Local<Context> context,\nnpm ERR!                                           ^\nnpm ERR! In file included from ../src/bcrypt_node.cc:1:\nnpm ERR! ../../nan/nan.h:1557:48: error: no matching member function for call to 'Get'\nnpm ERR!     return scope.Escape(New(persistentHandle)->Get(key));\nnpm ERR!                         ~~~~~~~~~~~~~~~~~~~~~~~^~~\nnpm ERR! /Users/donaldpinckney/Library/Caches/node-gyp/15.2.1/include/node/v8.h:3763:43: note: candidate function not viable: requires 2 arguments, but 1 was provided\nnpm ERR!   V8_WARN_UNUSED_RESULT MaybeLocal<Value> Get(Local<Context> context,\nnpm ERR!                                           ^\nnpm ERR! /Users/donaldpinckney/Library/Caches/node-gyp/15.2.1/include/node/v8.h:3766:43: note: candidate function not viable: requires 2 arguments, but 1 was provided\nnpm ERR!   V8_WARN_UNUSED_RESULT MaybeLocal<Value> Get(Local<Context> context,\nnpm ERR!                                           ^\nnpm ERR! In file included from ../src/bcrypt_node.cc:1:\nnpm ERR! ../../nan/nan.h:1562:48: error: no matching member function for call to 'Get'\nnpm ERR!     return scope.Escape(New(persistentHandle)->Get(index));\nnpm ERR!                         ~~~~~~~~~~~~~~~~~~~~~~~^~~\nnpm ERR! /Users/donaldpinckney/Library/Caches/node-gyp/15.2.1/include/node/v8.h:3763:43: note: candidate function not viable: requires 2 arguments, but 1 was provided\nnpm ERR!   V8_WARN_UNUSED_RESULT MaybeLocal<Value> Get(Local<Context> context,\nnpm ERR!                                           ^\nnpm ERR! /Users/donaldpinckney/Library/Caches/node-gyp/15.2.1/include/node/v8.h:3766:43: note: candidate function not viable: requires 2 arguments, but 1 was provided\nnpm ERR!   V8_WARN_UNUSED_RESULT MaybeLocal<Value> Get(Local<Context> context,\nnpm ERR!                                           ^\nnpm ERR! In file included from ../src/bcrypt_node.cc:1:\nnpm ERR! In file included from ../../nan/nan.h:2222:\nnpm ERR! ../../nan/nan_object_wrap.h:24:25: error: no member named 'IsNearDeath' in 'Nan::Persistent<v8::Object>'\nnpm ERR!     assert(persistent().IsNearDeath());\nnpm ERR!            ~~~~~~~~~~~~ ^\nnpm ERR! /Applications/Xcode.app/Contents/Developer/Platforms/MacOSX.platform/Developer/SDKs/MacOSX.sdk/usr/include/assert.h:93:25: note: expanded from macro 'assert'\nnpm ERR!     (__builtin_expect(!(e), 0) ? __assert_rtn(__func__, __FILE__, __LINE__, #e) : (void)0)\nnpm ERR!                         ^\nnpm ERR! In file included from ../src/bcrypt_node.cc:1:\nnpm ERR! In file included from ../../nan/nan.h:2222:\nnpm ERR! ../../nan/nan_object_wrap.h:67:18: error: no member named 'MarkIndependent' in 'Nan::Persistent<v8::Object>'\nnpm ERR!     persistent().MarkIndependent();\nnpm ERR!     ~~~~~~~~~~~~ ^\nnpm ERR! ../../nan/nan_object_wrap.h:124:26: error: no member named 'IsNearDeath' in 'Nan::Persistent<v8::Object>'\nnpm ERR!     assert(wrap->handle_.IsNearDeath());\nnpm ERR!            ~~~~~~~~~~~~~ ^\nnpm ERR! /Applications/Xcode.app/Contents/Developer/Platforms/MacOSX.platform/Developer/SDKs/MacOSX.sdk/usr/include/assert.h:93:25: note: expanded from macro 'assert'\nnpm ERR!     (__builtin_expect(!(e), 0) ? __assert_rtn(__func__, __FILE__, __LINE__, #e) : (void)0)\nnpm ERR!                         ^\nnpm ERR! In file included from ../src/bcrypt_node.cc:1:\nnpm ERR! In file included from ../../nan/nan.h:2313:\nnpm ERR! ../../nan/nan_typedarray_contents.h:34:43: warning: 'GetContents' is deprecated: Use GetBackingStore. See http://crbug.com/v8/9908. [-Wdeprecated-declarations]\nnpm ERR!       data   = static_cast<char*>(buffer->GetContents().Data()) + byte_offset;\nnpm ERR!                                           ^\nnpm ERR! /Users/donaldpinckney/Library/Caches/node-gyp/15.2.1/include/node/v8.h:5317:3: note: 'GetContents' has been explicitly marked deprecated here\nnpm ERR!   V8_DEPRECATE_SOON(\"Use GetBackingStore. See http://crbug.com/v8/9908.\")\nnpm ERR!   ^\nnpm ERR! /Users/donaldpinckney/Library/Caches/node-gyp/15.2.1/include/node/v8config.h:402:39: note: expanded from macro 'V8_DEPRECATE_SOON'\nnpm ERR! # define V8_DEPRECATE_SOON(message) [[deprecated(message)]]\nnpm ERR!                                       ^\nnpm ERR! ../src/bcrypt_node.cc:191:44: error: too few arguments to function call, single argument 'context' was not specified\nnpm ERR!     Nan::Utf8String data(info[0]->ToString());\nnpm ERR!                          ~~~~~~~~~~~~~~~~~ ^\nnpm ERR! /Users/donaldpinckney/Library/Caches/node-gyp/15.2.1/include/node/v8.h:2856:44: note: 'ToString' declared here\nnpm ERR!   V8_WARN_UNUSED_RESULT MaybeLocal<String> ToString(\nnpm ERR!                                            ^\nnpm ERR! ../src/bcrypt_node.cc:192:44: error: too few arguments to function call, single argument 'context' was not specified\nnpm ERR!     Nan::Utf8String salt(info[1]->ToString());\nnpm ERR!                          ~~~~~~~~~~~~~~~~~ ^\nnpm ERR! /Users/donaldpinckney/Library/Caches/node-gyp/15.2.1/include/node/v8.h:2856:44: note: 'ToString' declared here\nnpm ERR!   V8_WARN_UNUSED_RESULT MaybeLocal<String> ToString(\nnpm ERR!                                            ^\nnpm ERR! ../src/bcrypt_node.cc:210:44: error: too few arguments to function call, single argument 'context' was not specified\nnpm ERR!     Nan::Utf8String data(info[0]->ToString());\nnpm ERR!                          ~~~~~~~~~~~~~~~~~ ^\nnpm ERR! /Users/donaldpinckney/Library/Caches/node-gyp/15.2.1/include/node/v8.h:2856:44: note: 'ToString' declared here\nnpm ERR!   V8_WARN_UNUSED_RESULT MaybeLocal<String> ToString(\nnpm ERR!                                            ^\nnpm ERR! fatal error: too many errors emitted, stopping now [-ferror-limit=]\nnpm ERR! 5 warnings and 20 errors generated.\nnpm ERR! make: *** [Release/obj.target/bcrypt_lib/src/bcrypt_node.o] Error 1\nnpm ERR! gyp ERR! build error \nnpm ERR! gyp ERR! stack Error: `make` failed with exit code: 2\nnpm ERR! gyp ERR! stack     at ChildProcess.onExit (/Users/donaldpinckney/Research/packages/dependency-runner/arborist/node_modules/node-gyp/lib/build.js:194:23)\nnpm ERR! gyp ERR! stack     at ChildProcess.emit (node:events:329:20)\nnpm ERR! gyp ERR! stack     at Process.ChildProcess._handle.onexit (node:internal/child_process:277:12)\nnpm ERR! gyp ERR! System Darwin 20.5.0\nnpm ERR! gyp ERR! command \"/Users/donaldpinckney/.nvm/versions/node/v15.2.1/bin/node\" \"/Users/donaldpinckney/Research/packages/dependency-runner/arborist/node_modules/node-gyp/bin/node-gyp.js\" \"build\" \"--fallback-to-build\" \"--module=/Users/donaldpinckney/Research/packages/dependency-runner/Experiments/Output/nontesting/work/stealthy-require/rosette/package/node_modules/bcrypt/lib/binding/bcrypt_lib.node\" \"--module_name=bcrypt_lib\" \"--module_path=/Users/donaldpinckney/Research/packages/dependency-runner/Experiments/Output/nontesting/work/stealthy-require/rosette/package/node_modules/bcrypt/lib/binding\"\nnpm ERR! gyp ERR! cwd /Users/donaldpinckney/Research/packages/dependency-runner/Experiments/Output/nontesting/work/stealthy-require/rosette/package/node_modules/bcrypt\nnpm ERR! gyp ERR! node -v v15.2.1\nnpm ERR! gyp ERR! node-gyp -v v7.1.2\nnpm ERR! gyp ERR! not ok\n\nnpm ERR! A complete log of this run can be found in:\nnpm ERR!     /Users/donaldpinckney/.npm/_logs/2021-10-13T02_57_49_210Z-debug.log\n"
  }
}