{
  "install-success": false,
  "install_time": 105.87899994850159,
  "error": {
    "stage": "install",
    "command": "npm install --rosette --ignore-scripts --consistency npm --minimize min_oldness,min_num_deps",
    "retcode": 1,
    "stdout": "0 / 1\n100 / 89\n200 / 117\n300 / 150\n400 / 306\n500 / 562\n600 / 564\n700 / 535\n800 / 604\n900 / 621\n1000 / 703\n1100 / 643\n1200 / 1338\n1300 / 1271\n1400 / 1360\n1500 / 1295\n1600 / 1205\n1700 / 1848\n1800 / 1867\n1900 / 1819\n2000 / 2903\n2100 / 2812\n2200 / 2885\n2300 / 3152\n2400 / 3222\n2500 / 3149\n2600 / 3192\n2700 / 3113\n2800 / 3051\n2900 / 2951\n3000 / 2851\n3100 / 2751\n3200 / 3627\n3300 / 3549\n3400 / 3456\n3500 / 3421\n3600 / 3483\n3700 / 3383\n3800 / 3284\n3900 / 3184\n4000 / 3087\n4100 / 2987\n4200 / 2887\n4300 / 2787\n4400 / 2687\n4500 / 2587\n4600 / 2487\n4700 / 2387\n4800 / 2287\n4900 / 2188\n5000 / 2172\n5100 / 2130\n5200 / 2125\n5300 / 2228\n5400 / 2164\n5500 / 2172\n5600 / 2314\n5700 / 2330\n5800 / 2295\n5900 / 2206\n6000 / 2106\n6100 / 2006\n6200 / 1906\n6300 / 1806\n6400 / 1706\n6500 / 1606\n6600 / 1506\n6700 / 1406\n6800 / 1306\n6900 / 1332\n7000 / 1358\n7100 / 1278\n7200 / 1235\n7300 / 1186\n7400 / 1215\n7500 / 1195\n7600 / 1149\n7700 / 1082\n7800 / 1032\n7900 / 981\n8000 / 965\n8100 / 876\n8200 / 866\n8300 / 788\n8400 / 767\n8500 / 747\n8600 / 696\n8700 / 636\n8800 / 607\n8900 / 586\n9000 / 692\n9100 / 748\n9200 / 678\n9300 / 648\n9400 / 572\n9500 / 503\n9600 / 482\n9700 / 439\n9800 / 340\n9900 / 300\n10000 / 273\n10100 / 202\n10200 / 158\n10300 / 60\nSending query to rosette: /var/folders/9x/h9vpkyxj3pg0chrllkhfpkzm0000gn/T/tmp-4993-b9RrC1vwLGB6\n",
    "stderr": "npm ERR! code 1\nnpm ERR! Command failed: racket /Users/donaldpinckney/Research/packages/dependency-runner/RosetteSolver/rosette-solver.rkt /var/folders/9x/h9vpkyxj3pg0chrllkhfpkzm0000gn/T/tmp-4993-b9RrC1vwLGB6 /var/folders/9x/h9vpkyxj3pg0chrllkhfpkzm0000gn/T/tmp-4993-9moyfRIc9rt3\nnpm ERR! hash-ref: no value found for key\nnpm ERR!   key: \"lodash.upperfirst\"\nnpm ERR!   context...:\nnpm ERR!    /Users/donaldpinckney/Research/packages/dependency-runner/RosetteSolver/graph-sketching.rkt:45:6\nnpm ERR!    .../private/map.rkt:40:19: loop\nnpm ERR!    /Users/donaldpinckney/Research/packages/dependency-runner/RosetteSolver/graph-sketching.rkt:39:0: node*\nnpm ERR!    /Users/donaldpinckney/Research/packages/dependency-runner/RosetteSolver/graph-sketching.rkt:63:6\nnpm ERR!    .../private/map.rkt:40:19: loop\nnpm ERR!    [repeats 1 more time]\nnpm ERR!    /Users/donaldpinckney/Research/packages/dependency-runner/RosetteSolver/graph-sketching.rkt:56:0: package-group*\nnpm ERR!    .../private/map.rkt:40:19: loop\nnpm ERR!    [repeats 607 more times]\nnpm ERR!    /Users/donaldpinckney/Research/packages/dependency-runner/RosetteSolver/graph-sketching.rkt:78:0: graph*\nnpm ERR!    body of \"/Users/donaldpinckney/Research/packages/dependency-runner/RosetteSolver/rosette-solver.rkt\"\nnpm ERR! \nnpm ERR! hash-ref: no value found for key\nnpm ERR!   key: \"lodash.upperfirst\"\nnpm ERR!   context...:\nnpm ERR!    /Users/donaldpinckney/Research/packages/dependency-runner/RosetteSolver/graph-sketching.rkt:45:6\nnpm ERR!    .../private/map.rkt:40:19: loop\nnpm ERR!    /Users/donaldpinckney/Research/packages/dependency-runner/RosetteSolver/graph-sketching.rkt:39:0: node*\nnpm ERR!    /Users/donaldpinckney/Research/packages/dependency-runner/RosetteSolver/graph-sketching.rkt:63:6\nnpm ERR!    .../private/map.rkt:40:19: loop\nnpm ERR!    [repeats 1 more time]\nnpm ERR!    /Users/donaldpinckney/Research/packages/dependency-runner/RosetteSolver/graph-sketching.rkt:56:0: package-group*\nnpm ERR!    .../private/map.rkt:40:19: loop\nnpm ERR!    [repeats 607 more times]\nnpm ERR!    /Users/donaldpinckney/Research/packages/dependency-runner/RosetteSolver/graph-sketching.rkt:78:0: graph*\nnpm ERR!    body of \"/Users/donaldpinckney/Research/packages/dependency-runner/RosetteSolver/rosette-solver.rkt\"\n\nnpm ERR! A complete log of this run can be found in:\nnpm ERR!     /Users/donaldpinckney/.npm/_logs/2021-12-13T20_19_04_272Z-debug.log\n"
  }
}