{
  "install-success": false,
  "error": {
    "stage": "install",
    "command": "npm install --rosette",
    "retcode": 254,
    "stdout": "0 / 1\nSending query to rosette: /var/folders/9x/h9vpkyxj3pg0chrllkhfpkzm0000gn/T/tmp-5792-4vo8dPUp8khs\nGot: /var/folders/9x/h9vpkyxj3pg0chrllkhfpkzm0000gn/T/tmp-5792-AzX14N79KY3E\nDecoding Rosette answer: [object Object]\n\n> acorn-walk@8.2.0 prepare\n> cd ..; npm run build:walk\n\n",
    "stderr": "npm ERR! code ENOENT\nnpm ERR! syscall open\nnpm ERR! path /Users/donaldpinckney/Research/packages/dependency-runner/Experiments/Output/nontesting/work/acorn-walk/rosette/package.json\nnpm ERR! errno -2\nnpm ERR! enoent ENOENT: no such file or directory, open '/Users/donaldpinckney/Research/packages/dependency-runner/Experiments/Output/nontesting/work/acorn-walk/rosette/package.json'\nnpm ERR! enoent This is related to npm not being able to find a file.\nnpm ERR! enoent \n\nnpm ERR! A complete log of this run can be found in:\nnpm ERR!     /Users/donaldpinckney/.npm/_logs/2021-10-12T19_31_40_473Z-debug.log\nnpm ERR! code 254\nnpm ERR! path /Users/donaldpinckney/Research/packages/dependency-runner/Experiments/Output/nontesting/work/acorn-walk/rosette/package\nnpm ERR! command failed\nnpm ERR! command sh -c cd ..; npm run build:walk\n\nnpm ERR! A complete log of this run can be found in:\nnpm ERR!     /Users/donaldpinckney/.npm/_logs/2021-10-12T19_31_40_498Z-debug.log\n"
  }
}