{
  "install-success": false,
  "error": {
    "stage": "install",
    "command": "npm install --rosette",
    "retcode": 1,
    "stdout": "0 / 1\nSending query to rosette: /var/folders/9x/h9vpkyxj3pg0chrllkhfpkzm0000gn/T/tmp-83844-Wn7TUv0phND2\nGot: /var/folders/9x/h9vpkyxj3pg0chrllkhfpkzm0000gn/T/tmp-83844-X9BfHP50zhcS\nDecoding Rosette answer: [object Object]\n\n> fast-deep-equal@3.1.3 prepublish\n> npm run build\n\n\n> fast-deep-equal@3.1.3 build\n> node build\n\n",
    "stderr": "npm WARN deprecated har-validator@5.1.5: this library is no longer supported\nnpm WARN deprecated fsevents@2.1.3: \"Please update to latest v2.3 or v2.2\"\nnpm WARN deprecated debug@3.2.6: Debug versions >=3.2.0 <3.2.7 || >=4 <4.3.1 have a low-severity ReDos regression when used in a Node.js environment. It is recommended you upgrade to 3.2.7 or 4.3.1. (https://github.com/visionmedia/debug/issues/797)\nnpm WARN deprecated uuid@3.4.0: Please upgrade  to version 7 or higher.  Older versions may use Math.random() in certain circumstances, which is known to be problematic.  See https://v8.dev/blog/math-random for details.\nnpm WARN deprecated request@2.88.2: request has been deprecated, see https://github.com/request/request/issues/3142\nnode:internal/modules/cjs/loader:922\n  throw err;\n  ^\n\nError: Cannot find module '/Users/donaldpinckney/Research/packages/dependency-runner/Experiments/Output/nontesting/work/fast-deep-equal/rosette/package/build'\n    at Function.Module._resolveFilename (node:internal/modules/cjs/loader:919:15)\n    at Function.Module._load (node:internal/modules/cjs/loader:763:27)\n    at Function.executeUserEntryPoint [as runMain] (node:internal/modules/run_main:76:12)\n    at node:internal/main/run_main_module:17:47 {\n  code: 'MODULE_NOT_FOUND',\n  requireStack: []\n}\nnpm ERR! code 1\nnpm ERR! path /Users/donaldpinckney/Research/packages/dependency-runner/Experiments/Output/nontesting/work/fast-deep-equal/rosette/package\nnpm ERR! command failed\nnpm ERR! command sh -c npm run build\n\nnpm ERR! A complete log of this run can be found in:\nnpm ERR!     /Users/donaldpinckney/.npm/_logs/2021-10-12T17_49_20_302Z-debug.log\n"
  }
}