{
  "install-success": false,
  "error": {
    "stage": "install",
    "command": "npm install --production",
    "retcode": 1,
    "stdout": "\n> sha.js@2.4.11 prepublish\n> npm ls && npm run unit\n\nsha.js@2.4.11 /Users/donaldpinckney/Research/packages/dependency-runner/Experiments/Output/nontesting/work/sha.js/npm/package\n\u251c\u2500\u2500 UNMET DEPENDENCY buffer@~2.3.2\n\u251c\u2500\u2500 UNMET DEPENDENCY hash-test-vectors@^1.3.1\n\u251c\u2500\u2500 inherits@2.0.4\n\u251c\u2500\u2500 safe-buffer@5.2.1\n\u251c\u2500\u2500 UNMET DEPENDENCY standard@^10.0.2\n\u251c\u2500\u2500 UNMET DEPENDENCY tape@~2.3.2\n\u2514\u2500\u2500 UNMET DEPENDENCY typedarray@0.0.6\n\n",
    "stderr": "npm ERR! code ELSPROBLEMS\nnpm ERR! missing: buffer@~2.3.2, required by sha.js@2.4.11\nnpm ERR! missing: hash-test-vectors@^1.3.1, required by sha.js@2.4.11\nnpm ERR! missing: standard@^10.0.2, required by sha.js@2.4.11\nnpm ERR! missing: tape@~2.3.2, required by sha.js@2.4.11\nnpm ERR! missing: typedarray@0.0.6, required by sha.js@2.4.11\n\nnpm ERR! A complete log of this run can be found in:\nnpm ERR!     /Users/donaldpinckney/.npm/_logs/2021-10-12T22_37_25_576Z-debug.log\nnpm ERR! code 1\nnpm ERR! path /Users/donaldpinckney/Research/packages/dependency-runner/Experiments/Output/nontesting/work/sha.js/npm/package\nnpm ERR! command failed\nnpm ERR! command sh -c npm ls && npm run unit\n\nnpm ERR! A complete log of this run can be found in:\nnpm ERR!     /Users/donaldpinckney/.npm/_logs/2021-10-12T22_37_25_619Z-debug.log\n"
  }
}